0 silly input [ 'test' ]
1 silly flags { _: [ 'run' ],
1 silly flags   'reject-cycles': false,
1 silly flags   rejectCycles: false,
1 silly flags   parallel: true,
1 silly flags   script: 'test',
1 silly flags   args: [] }
2 verbose rootPath /Users/Thomas/Documents/Kinvey/Development/SDKs/JavaScript/Core/SDK
3 info version 2.5.1
4 silly existsSync /Users/Thomas/Documents/Kinvey/Development/SDKs/JavaScript/Core/SDK/VERSION
5 silly initialize attempt
6 silly initialize success
7 silly execute attempt
8 info run in 19 package(s): npm run test
9 silly runScriptInPackageStreaming [ 'test', [], 'kinvey-acl' ]
10 silly getExecOpts { cwd: '/Users/Thomas/Documents/Kinvey/Development/SDKs/JavaScript/Core/SDK/packages/kinvey-acl' }
11 silly runScriptInPackageStreaming [ 'test', [], 'kinvey-aggregation' ]
12 silly getExecOpts { cwd: '/Users/Thomas/Documents/Kinvey/Development/SDKs/JavaScript/Core/SDK/packages/kinvey-aggregation' }
13 silly runScriptInPackageStreaming [ 'test', [], 'kinvey-client' ]
14 silly getExecOpts { cwd: '/Users/Thomas/Documents/Kinvey/Development/SDKs/JavaScript/Core/SDK/packages/kinvey-client' }
15 silly runScriptInPackageStreaming [ 'test', [], 'kinvey-datastore' ]
16 silly getExecOpts { cwd: '/Users/Thomas/Documents/Kinvey/Development/SDKs/JavaScript/Core/SDK/packages/kinvey-datastore' }
17 silly runScriptInPackageStreaming [ 'test', [], 'kinvey-endpoint' ]
18 silly getExecOpts { cwd: '/Users/Thomas/Documents/Kinvey/Development/SDKs/JavaScript/Core/SDK/packages/kinvey-endpoint' }
19 silly runScriptInPackageStreaming [ 'test', [], 'kinvey-errors' ]
20 silly getExecOpts { cwd: '/Users/Thomas/Documents/Kinvey/Development/SDKs/JavaScript/Core/SDK/packages/kinvey-errors' }
21 silly runScriptInPackageStreaming [ 'test', [], 'kinvey-filestore' ]
22 silly getExecOpts { cwd: '/Users/Thomas/Documents/Kinvey/Development/SDKs/JavaScript/Core/SDK/packages/kinvey-filestore' }
23 silly runScriptInPackageStreaming [ 'test', [], 'kinvey-html5-sdk' ]
24 silly getExecOpts { cwd: '/Users/Thomas/Documents/Kinvey/Development/SDKs/JavaScript/Core/SDK/packages/kinvey-html5-sdk' }
25 silly runScriptInPackageStreaming [ 'test', [], 'kinvey-identity' ]
26 silly getExecOpts { cwd: '/Users/Thomas/Documents/Kinvey/Development/SDKs/JavaScript/Core/SDK/packages/kinvey-identity' }
27 silly runScriptInPackageStreaming [ 'test', [], 'kinvey-live' ]
28 silly getExecOpts { cwd: '/Users/Thomas/Documents/Kinvey/Development/SDKs/JavaScript/Core/SDK/packages/kinvey-live' }
29 silly runScriptInPackageStreaming [ 'test', [], 'kinvey-log' ]
30 silly getExecOpts { cwd: '/Users/Thomas/Documents/Kinvey/Development/SDKs/JavaScript/Core/SDK/packages/kinvey-log' }
31 silly runScriptInPackageStreaming [ 'test', [], 'kinvey-metadata' ]
32 silly getExecOpts { cwd: '/Users/Thomas/Documents/Kinvey/Development/SDKs/JavaScript/Core/SDK/packages/kinvey-metadata' }
33 silly runScriptInPackageStreaming [ 'test', [], 'kinvey-observable' ]
34 silly getExecOpts { cwd: '/Users/Thomas/Documents/Kinvey/Development/SDKs/JavaScript/Core/SDK/packages/kinvey-observable' }
35 silly runScriptInPackageStreaming [ 'test', [], 'kinvey-promise-queue' ]
36 silly getExecOpts { cwd: '/Users/Thomas/Documents/Kinvey/Development/SDKs/JavaScript/Core/SDK/packages/kinvey-promise-queue' }
37 silly runScriptInPackageStreaming [ 'test', [], 'kinvey-query' ]
38 silly getExecOpts { cwd: '/Users/Thomas/Documents/Kinvey/Development/SDKs/JavaScript/Core/SDK/packages/kinvey-query' }
39 silly runScriptInPackageStreaming [ 'test', [], 'kinvey-request' ]
40 silly getExecOpts { cwd: '/Users/Thomas/Documents/Kinvey/Development/SDKs/JavaScript/Core/SDK/packages/kinvey-request' }
41 silly runScriptInPackageStreaming [ 'test', [], 'kinvey-user' ]
42 silly getExecOpts { cwd: '/Users/Thomas/Documents/Kinvey/Development/SDKs/JavaScript/Core/SDK/packages/kinvey-user' }
43 silly runScriptInPackageStreaming [ 'test', [], 'kinvey-utils' ]
44 silly getExecOpts { cwd: '/Users/Thomas/Documents/Kinvey/Development/SDKs/JavaScript/Core/SDK/packages/kinvey-utils' }
45 silly runScriptInPackageStreaming [ 'test', [], 'kinvey' ]
46 silly getExecOpts { cwd: '/Users/Thomas/Documents/Kinvey/Development/SDKs/JavaScript/Core/SDK/packages/kinvey' }
47 error execute callback with error
48 error Error: Command failed: npm run test
48 error npm ERR! code ELIFECYCLE
48 error npm ERR! errno 1
48 error npm ERR! kinvey@3.9.2 test: `mocha -s 250 test/**/*.spec.js`
48 error npm ERR! Exit status 1
48 error npm ERR!
48 error npm ERR! Failed at the kinvey@3.9.2 test script.
48 error npm ERR! This is probably not a problem with npm. There is likely additional logging output above.
48 error
48 error npm ERR! A complete log of this run can be found in:
48 error npm ERR!     /Users/Thomas/.npm/_logs/2017-11-06T20_22_01_255Z-debug.log
48 error
48 error
48 error > kinvey@3.9.2 test /Users/Thomas/Documents/Kinvey/Development/SDKs/JavaScript/Core/SDK/packages/kinvey
48 error > mocha -s 250 test/**/*.spec.js
48 error
48 error
48 error
48 error   Kinvey
48 error     init()
48 error       ✓ should throw an error if an appKey is not provided
48 error       ✓ should throw an error if an appSecret or masterSecret is not provided
48 error       ✓ should return a client
48 error       ✓ should set default MIC host name when a custom one is not provided
48 error       ✓ should set a custom MIC host name when one is provided
48 error     ping()
48 error       1) should return a response
48 error
48 error
48 error   5 passing (44ms)
48 error   1 failing
48 error
48 error   1) Kinvey
48 error        ping()
48 error          should return a response:
48 error      Error: Invalid Chai property: toEqual. Did you mean "equal"?
48 error       at Object.proxyGetter [as get] (/Users/Thomas/Documents/Kinvey/Development/SDKs/JavaScript/Core/SDK/node_modules/chai/lib/chai/utils/proxify.js:63:17)
48 error       at Kinvey.ping.then (test/kinvey.spec.js:86:27)
48 error       at tryCatch (/Users/Thomas/Documents/Kinvey/Development/SDKs/JavaScript/Core/SDK/node_modules/es6-promise/dist/es6-promise.js:416:12)
48 error       at invokeCallback (/Users/Thomas/Documents/Kinvey/Development/SDKs/JavaScript/Core/SDK/node_modules/es6-promise/dist/es6-promise.js:431:13)
48 error       at publish (/Users/Thomas/Documents/Kinvey/Development/SDKs/JavaScript/Core/SDK/node_modules/es6-promise/dist/es6-promise.js:399:7)
48 error       at flush (/Users/Thomas/Documents/Kinvey/Development/SDKs/JavaScript/Core/SDK/node_modules/es6-promise/dist/es6-promise.js:126:5)
48 error       at _combinedTickCallback (internal/process/next_tick.js:131:7)
48 error       at process._tickCallback (internal/process/next_tick.js:180:9)
48 error
48 error
48 error
48 error
48 error     at Promise.all.then.arr (/Users/Thomas/Documents/Kinvey/Development/SDKs/JavaScript/Core/SDK/node_modules/execa/index.js:236:11)
48 error     at <anonymous>
